/home/reustudents/catkin_ws/src/Freyja/freyja_examples/src/temporal_provider.cpp:26:1: error: ‘string’ does not name a type; did you mean ‘stdin’?
   26 | string command;
      | ^~~~~~
      | stdin
/home/reustudents/catkin_ws/src/Freyja/freyja_examples/src/temporal_provider.cpp: In function ‘void imageProcessedCallback(const ConstPtr&)’:
/home/reustudents/catkin_ws/src/Freyja/freyja_examples/src/temporal_provider.cpp:43:5: error: ‘command’ was not declared in this scope
   43 |     command="Forward"
      |     ^~~~~~~
/home/reustudents/catkin_ws/src/Freyja/freyja_examples/src/temporal_provider.cpp: In function ‘int main(int, char**)’:
/home/reustudents/catkin_ws/src/Freyja/freyja_examples/src/temporal_provider.cpp:149:3: error: ‘command’ was not declared in this scope
  149 |   command = "Forward";
      |   ^~~~~~~
make[2]: *** [CMakeFiles/temporal_provider_node.dir/build.make:76: CMakeFiles/temporal_provider_node.dir/src/temporal_provider.cpp.o] Error 1
make[1]: *** [CMakeFiles/Makefile2:967: CMakeFiles/temporal_provider_node.dir/all] Error 2
make: *** [Makefile:146: all] Error 2
