/home/reustudents/catkin_ws/src/Freyja/freyja_examples/src/temporal_provider.cpp: In function ‘void gestureUpdate(const ConstPtr&)’:
/home/reustudents/catkin_ws/src/Freyja/freyja_examples/src/temporal_provider.cpp:101:5: error: ‘drone’ was not declared in this scope
  101 |     drone.forward();
      |     ^~~~~
/home/reustudents/catkin_ws/src/Freyja/freyja_examples/src/temporal_provider.cpp:103:5: error: ‘drone’ was not declared in this scope
  103 |     drone.right();
      |     ^~~~~
/home/reustudents/catkin_ws/src/Freyja/freyja_examples/src/temporal_provider.cpp:105:5: error: ‘drone’ was not declared in this scope
  105 |     drone.left();
      |     ^~~~~
/home/reustudents/catkin_ws/src/Freyja/freyja_examples/src/temporal_provider.cpp:107:5: error: ‘drone’ was not declared in this scope
  107 |     drone.backward();
      |     ^~~~~
/home/reustudents/catkin_ws/src/Freyja/freyja_examples/src/temporal_provider.cpp:109:5: error: ‘drone’ was not declared in this scope
  109 |     drone.up();
      |     ^~~~~
/home/reustudents/catkin_ws/src/Freyja/freyja_examples/src/temporal_provider.cpp: In function ‘int main(int, char**)’:
/home/reustudents/catkin_ws/src/Freyja/freyja_examples/src/temporal_provider.cpp:142:23: error: request for member ‘return_state’ in ‘drone’, which is of non-class type ‘DroneType()’
  142 |     ref_state = drone.return_state();
      |                       ^~~~~~~~~~~~
make[2]: *** [CMakeFiles/temporal_provider_node.dir/build.make:76: CMakeFiles/temporal_provider_node.dir/src/temporal_provider.cpp.o] Error 1
make[1]: *** [CMakeFiles/Makefile2:967: CMakeFiles/temporal_provider_node.dir/all] Error 2
make: *** [Makefile:146: all] Error 2
