/home/reustudents/catkin_ws/src/Freyja/freyja_examples/src/temporal_provider.cpp: In function ‘int main(int, char**)’:
/home/reustudents/catkin_ws/src/Freyja/freyja_examples/src/temporal_provider.cpp:153:5: error: expected ‘}’ before ‘else’
  153 |     else if(command == "Forward" ) {
      |     ^~~~
/home/reustudents/catkin_ws/src/Freyja/freyja_examples/src/temporal_provider.cpp:151:34: note: to match this ‘{’
  151 |     if( traj_type == "circle1" ) {
      |                                  ^
make[2]: *** [CMakeFiles/temporal_provider_node.dir/build.make:76: CMakeFiles/temporal_provider_node.dir/src/temporal_provider.cpp.o] Error 1
make[1]: *** [CMakeFiles/Makefile2:967: CMakeFiles/temporal_provider_node.dir/all] Error 2
make: *** [Makefile:146: all] Error 2
